<?xml version="1.0" encoding="UTF-8"?>
<coverage generated="1741504015140" clover="3.2.0">
  <project timestamp="1741504015140" name="All files">
    <metrics statements="49" coveredstatements="49" conditionals="26" coveredconditionals="25" methods="12" coveredmethods="12" elements="87" coveredelements="86" complexity="0" loc="49" ncloc="49" packages="2" files="2" classes="2"/>
    <package name="provider">
      <metrics statements="14" coveredstatements="14" conditionals="6" coveredconditionals="5" methods="3" coveredmethods="3"/>
      <file name="SnackbarProvider.jsx" path="/Users/gulrezbawa/workspace/a753bbd5/aircall/src/provider/SnackbarProvider.jsx">
        <metrics statements="14" coveredstatements="14" conditionals="6" coveredconditionals="5" methods="3" coveredmethods="3"/>
        <line num="5" count="1" type="stmt"/>
        <line num="7" count="5" type="stmt"/>
        <line num="9" count="1" type="stmt"/>
        <line num="10" count="5" type="cond" truecount="0" falsecount="1"/>
        <line num="11" count="4" type="cond" truecount="5" falsecount="0"/>
        <line num="13" count="1" type="stmt"/>
        <line num="14" count="1" type="stmt"/>
        <line num="16" count="1" type="stmt"/>
        <line num="17" count="1" type="stmt"/>
        <line num="19" count="1" type="stmt"/>
        <line num="20" count="1" type="stmt"/>
        <line num="23" count="1" type="stmt"/>
        <line num="24" count="1" type="stmt"/>
        <line num="28" count="5" type="stmt"/>
      </file>
    </package>
    <package name="utils">
      <metrics statements="35" coveredstatements="35" conditionals="20" coveredconditionals="20" methods="9" coveredmethods="9"/>
      <file name="utils.js" path="/Users/gulrezbawa/workspace/a753bbd5/aircall/src/utils/utils.js">
        <metrics statements="35" coveredstatements="35" conditionals="20" coveredconditionals="20" methods="9" coveredmethods="9"/>
        <line num="1" count="1" type="stmt"/>
        <line num="2" count="8" type="cond" truecount="2" falsecount="0"/>
        <line num="4" count="6" type="stmt"/>
        <line num="6" count="6" type="cond" truecount="2" falsecount="0"/>
        <line num="7" count="2" type="stmt"/>
        <line num="10" count="4" type="cond" truecount="2" falsecount="0"/>
        <line num="11" count="1" type="stmt"/>
        <line num="17" count="3" type="cond" truecount="2" falsecount="0"/>
        <line num="18" count="2" type="stmt"/>
        <line num="24" count="1" type="stmt"/>
        <line num="30" count="1" type="stmt"/>
        <line num="31" count="6" type="stmt"/>
        <line num="33" count="6" type="stmt"/>
        <line num="35" count="10" type="cond" truecount="2" falsecount="0"/>
        <line num="38" count="8" type="stmt"/>
        <line num="40" count="8" type="stmt"/>
        <line num="42" count="8" type="cond" truecount="2" falsecount="0"/>
        <line num="43" count="6" type="stmt"/>
        <line num="56" count="2" type="stmt"/>
        <line num="58" count="8" type="stmt"/>
        <line num="60" count="8" type="cond" truecount="2" falsecount="0"/>
        <line num="61" count="2" type="stmt"/>
        <line num="62" count="2" type="stmt"/>
        <line num="66" count="6" type="stmt"/>
        <line num="67" count="1" type="stmt"/>
        <line num="71" count="1" type="stmt"/>
        <line num="72" count="11" type="stmt"/>
        <line num="73" count="11" type="cond" truecount="4" falsecount="0"/>
        <line num="74" count="1" type="stmt"/>
        <line num="80" count="10" type="stmt"/>
        <line num="90" count="1" type="stmt"/>
        <line num="91" count="3" type="stmt"/>
        <line num="93" count="1" type="stmt"/>
        <line num="94" count="5" type="cond" truecount="2" falsecount="0"/>
        <line num="95" count="3" type="stmt"/>
      </file>
    </package>
  </project>
</coverage>
