{"/Users/gulrezbawa/workspace/a753bbd5/aircall/src/provider/SnackbarProvider.jsx": {"path":"/Users/gulrezbawa/workspace/a753bbd5/aircall/src/provider/SnackbarProvider.jsx","statementMap":{"0":{"start":{"line":5,"column":24},"end":{"line":5,"column":39}},"1":{"start":{"line":7,"column":27},"end":{"line":7,"column":60}},"2":{"start":{"line":7,"column":33},"end":{"line":7,"column":60}},"3":{"start":{"line":9,"column":32},"end":{"line":45,"column":1}},"4":{"start":{"line":10,"column":23},"end":{"line":26,"column":3}},"5":{"start":{"line":11,"column":4},"end":{"line":25,"column":5}},"6":{"start":{"line":13,"column":8},"end":{"line":13,"column":31}},"7":{"start":{"line":14,"column":8},"end":{"line":14,"column":14}},"8":{"start":{"line":16,"column":8},"end":{"line":16,"column":29}},"9":{"start":{"line":17,"column":8},"end":{"line":17,"column":14}},"10":{"start":{"line":19,"column":8},"end":{"line":19,"column":28}},"11":{"start":{"line":20,"column":8},"end":{"line":20,"column":14}},"12":{"start":{"line":23,"column":8},"end":{"line":23,"column":28}},"13":{"start":{"line":24,"column":8},"end":{"line":24,"column":14}},"14":{"start":{"line":28,"column":2},"end":{"line":44,"column":4}}},"fnMap":{"0":{"name":"(anonymous_0)","decl":{"start":{"line":7,"column":27},"end":{"line":7,"column":28}},"loc":{"start":{"line":7,"column":33},"end":{"line":7,"column":60}},"line":7},"1":{"name":"(anonymous_1)","decl":{"start":{"line":9,"column":32},"end":{"line":9,"column":33}},"loc":{"start":{"line":9,"column":50},"end":{"line":45,"column":1}},"line":9},"2":{"name":"(anonymous_2)","decl":{"start":{"line":10,"column":23},"end":{"line":10,"column":24}},"loc":{"start":{"line":10,"column":55},"end":{"line":26,"column":3}},"line":10}},"branchMap":{"0":{"loc":{"start":{"line":10,"column":33},"end":{"line":10,"column":50}},"type":"default-arg","locations":[{"start":{"line":10,"column":44},"end":{"line":10,"column":50}}],"line":10},"1":{"loc":{"start":{"line":11,"column":4},"end":{"line":25,"column":5}},"type":"switch","locations":[{"start":{"line":12,"column":6},"end":{"line":14,"column":14}},{"start":{"line":15,"column":6},"end":{"line":17,"column":14}},{"start":{"line":18,"column":6},"end":{"line":20,"column":14}},{"start":{"line":21,"column":6},"end":{"line":21,"column":18}},{"start":{"line":22,"column":6},"end":{"line":24,"column":14}}],"line":11}},"s":{"0":1,"1":1,"2":5,"3":1,"4":5,"5":4,"6":1,"7":1,"8":1,"9":1,"10":1,"11":1,"12":1,"13":1,"14":5},"f":{"0":5,"1":5,"2":4},"b":{"0":[0],"1":[1,1,1,1,1]},"_coverageSchema":"1a1c01bbd47fc00a2c39e90264f33305004495a9","hash":"8a92048c912d78074d63941bfea11c90ee0db816"}
,"/Users/gulrezbawa/workspace/a753bbd5/aircall/src/utils/utils.js": {"path":"/Users/gulrezbawa/workspace/a753bbd5/aircall/src/utils/utils.js","statementMap":{"0":{"start":{"line":1,"column":34},"end":{"line":28,"column":1}},"1":{"start":{"line":2,"column":2},"end":{"line":2,"column":32}},"2":{"start":{"line":2,"column":22},"end":{"line":2,"column":32}},"3":{"start":{"line":4,"column":15},"end":{"line":4,"column":51}},"4":{"start":{"line":6,"column":2},"end":{"line":8,"column":3}},"5":{"start":{"line":7,"column":4},"end":{"line":7,"column":18}},"6":{"start":{"line":10,"column":2},"end":{"line":15,"column":3}},"7":{"start":{"line":11,"column":4},"end":{"line":14,"column":71}},"8":{"start":{"line":17,"column":2},"end":{"line":22,"column":3}},"9":{"start":{"line":18,"column":4},"end":{"line":21,"column":27}},"10":{"start":{"line":24,"column":2},"end":{"line":27,"column":47}},"11":{"start":{"line":30,"column":32},"end":{"line":69,"column":1}},"12":{"start":{"line":31,"column":22},"end":{"line":31,"column":24}},"13":{"start":{"line":33,"column":2},"end":{"line":64,"column":7}},"14":{"start":{"line":35,"column":6},"end":{"line":35,"column":52}},"15":{"start":{"line":38,"column":34},"end":{"line":38,"column":65}},"16":{"start":{"line":40,"column":18},"end":{"line":40,"column":96}},"17":{"start":{"line":42,"column":6},"end":{"line":57,"column":7}},"18":{"start":{"line":43,"column":8},"end":{"line":54,"column":10}},"19":{"start":{"line":56,"column":8},"end":{"line":56,"column":73}},"20":{"start":{"line":58,"column":6},"end":{"line":58,"column":39}},"21":{"start":{"line":60,"column":6},"end":{"line":63,"column":7}},"22":{"start":{"line":61,"column":8},"end":{"line":61,"column":55}},"23":{"start":{"line":62,"column":8},"end":{"line":62,"column":54}},"24":{"start":{"line":66,"column":2},"end":{"line":68,"column":4}},"25":{"start":{"line":67,"column":14},"end":{"line":67,"column":53}},"26":{"start":{"line":71,"column":30},"end":{"line":88,"column":1}},"27":{"start":{"line":72,"column":15},"end":{"line":72,"column":34}},"28":{"start":{"line":73,"column":2},"end":{"line":79,"column":3}},"29":{"start":{"line":74,"column":4},"end":{"line":78,"column":6}},"30":{"start":{"line":80,"column":2},"end":{"line":87,"column":4}},"31":{"start":{"line":90,"column":35},"end":{"line":91,"column":74}},"32":{"start":{"line":91,"column":2},"end":{"line":91,"column":74}},"33":{"start":{"line":91,"column":26},"end":{"line":91,"column":73}},"34":{"start":{"line":93,"column":35},"end":{"line":96,"column":1}},"35":{"start":{"line":94,"column":2},"end":{"line":94,"column":32}},"36":{"start":{"line":94,"column":19},"end":{"line":94,"column":32}},"37":{"start":{"line":95,"column":2},"end":{"line":95,"column":37}}},"fnMap":{"0":{"name":"(anonymous_0)","decl":{"start":{"line":1,"column":34},"end":{"line":1,"column":35}},"loc":{"start":{"line":1,"column":46},"end":{"line":28,"column":1}},"line":1},"1":{"name":"(anonymous_1)","decl":{"start":{"line":30,"column":32},"end":{"line":30,"column":33}},"loc":{"start":{"line":30,"column":59},"end":{"line":69,"column":1}},"line":30},"2":{"name":"(anonymous_2)","decl":{"start":{"line":34,"column":12},"end":{"line":34,"column":13}},"loc":{"start":{"line":35,"column":6},"end":{"line":35,"column":52}},"line":35},"3":{"name":"(anonymous_3)","decl":{"start":{"line":37,"column":13},"end":{"line":37,"column":14}},"loc":{"start":{"line":37,"column":23},"end":{"line":64,"column":5}},"line":37},"4":{"name":"(anonymous_4)","decl":{"start":{"line":67,"column":4},"end":{"line":67,"column":5}},"loc":{"start":{"line":67,"column":14},"end":{"line":67,"column":53}},"line":67},"5":{"name":"(anonymous_5)","decl":{"start":{"line":71,"column":30},"end":{"line":71,"column":31}},"loc":{"start":{"line":71,"column":45},"end":{"line":88,"column":1}},"line":71},"6":{"name":"(anonymous_6)","decl":{"start":{"line":90,"column":35},"end":{"line":90,"column":36}},"loc":{"start":{"line":91,"column":2},"end":{"line":91,"column":74}},"line":91},"7":{"name":"(anonymous_7)","decl":{"start":{"line":91,"column":16},"end":{"line":91,"column":17}},"loc":{"start":{"line":91,"column":26},"end":{"line":91,"column":73}},"line":91},"8":{"name":"(anonymous_8)","decl":{"start":{"line":93,"column":35},"end":{"line":93,"column":36}},"loc":{"start":{"line":93,"column":44},"end":{"line":96,"column":1}},"line":93}},"branchMap":{"0":{"loc":{"start":{"line":2,"column":2},"end":{"line":2,"column":32}},"type":"if","locations":[{"start":{"line":2,"column":2},"end":{"line":2,"column":32}},{"start":{},"end":{}}],"line":2},"1":{"loc":{"start":{"line":6,"column":2},"end":{"line":8,"column":3}},"type":"if","locations":[{"start":{"line":6,"column":2},"end":{"line":8,"column":3}},{"start":{},"end":{}}],"line":6},"2":{"loc":{"start":{"line":10,"column":2},"end":{"line":15,"column":3}},"type":"if","locations":[{"start":{"line":10,"column":2},"end":{"line":15,"column":3}},{"start":{},"end":{}}],"line":10},"3":{"loc":{"start":{"line":17,"column":2},"end":{"line":22,"column":3}},"type":"if","locations":[{"start":{"line":17,"column":2},"end":{"line":22,"column":3}},{"start":{},"end":{}}],"line":17},"4":{"loc":{"start":{"line":35,"column":6},"end":{"line":35,"column":52}},"type":"cond-expr","locations":[{"start":{"line":35,"column":26},"end":{"line":35,"column":37}},{"start":{"line":35,"column":40},"end":{"line":35,"column":52}}],"line":35},"5":{"loc":{"start":{"line":42,"column":6},"end":{"line":57,"column":7}},"type":"if","locations":[{"start":{"line":42,"column":6},"end":{"line":57,"column":7}},{"start":{"line":55,"column":13},"end":{"line":57,"column":7}}],"line":42},"6":{"loc":{"start":{"line":60,"column":6},"end":{"line":63,"column":7}},"type":"if","locations":[{"start":{"line":60,"column":6},"end":{"line":63,"column":7}},{"start":{},"end":{}}],"line":60},"7":{"loc":{"start":{"line":73,"column":2},"end":{"line":79,"column":3}},"type":"if","locations":[{"start":{"line":73,"column":2},"end":{"line":79,"column":3}},{"start":{},"end":{}}],"line":73},"8":{"loc":{"start":{"line":73,"column":6},"end":{"line":73,"column":48}},"type":"binary-expr","locations":[{"start":{"line":73,"column":6},"end":{"line":73,"column":23}},{"start":{"line":73,"column":27},"end":{"line":73,"column":48}}],"line":73},"9":{"loc":{"start":{"line":94,"column":2},"end":{"line":94,"column":32}},"type":"if","locations":[{"start":{"line":94,"column":2},"end":{"line":94,"column":32}},{"start":{},"end":{}}],"line":94}},"s":{"0":1,"1":8,"2":2,"3":6,"4":6,"5":2,"6":4,"7":1,"8":3,"9":2,"10":1,"11":1,"12":6,"13":6,"14":10,"15":8,"16":8,"17":8,"18":6,"19":2,"20":8,"21":8,"22":2,"23":2,"24":6,"25":1,"26":1,"27":11,"28":11,"29":1,"30":10,"31":1,"32":3,"33":1,"34":1,"35":5,"36":2,"37":3},"f":{"0":8,"1":6,"2":10,"3":8,"4":1,"5":11,"6":3,"7":1,"8":5},"b":{"0":[2,6],"1":[2,4],"2":[1,3],"3":[2,1],"4":[2,8],"5":[6,2],"6":[2,6],"7":[1,10],"8":[11,10],"9":[2,3]},"_coverageSchema":"1a1c01bbd47fc00a2c39e90264f33305004495a9","hash":"3f6f6cc0ffce9375cf5a428fcb8c1a83c12b9068"}
}
