TN:
SF:src/provider/SnackbarProvider.jsx
FN:7,(anonymous_0)
FN:9,(anonymous_1)
FN:10,(anonymous_2)
FNF:3
FNH:3
FNDA:5,(anonymous_0)
FNDA:5,(anonymous_1)
FNDA:4,(anonymous_2)
DA:5,1
DA:7,5
DA:9,1
DA:10,5
DA:11,4
DA:13,1
DA:14,1
DA:16,1
DA:17,1
DA:19,1
DA:20,1
DA:23,1
DA:24,1
DA:28,5
LF:14
LH:14
BRDA:10,0,0,0
BRDA:11,1,0,1
BRDA:11,1,1,1
BRDA:11,1,2,1
BRDA:11,1,3,1
BRDA:11,1,4,1
BRF:6
BRH:5
end_of_record
TN:
SF:src/utils/utils.js
FN:1,(anonymous_0)
FN:30,(anonymous_1)
FN:34,(anonymous_2)
FN:37,(anonymous_3)
FN:67,(anonymous_4)
FN:71,(anonymous_5)
FN:90,(anonymous_6)
FN:91,(anonymous_7)
FN:93,(anonymous_8)
FNF:9
FNH:9
FNDA:8,(anonymous_0)
FNDA:6,(anonymous_1)
FNDA:10,(anonymous_2)
FNDA:8,(anonymous_3)
FNDA:1,(anonymous_4)
FNDA:11,(anonymous_5)
FNDA:3,(anonymous_6)
FNDA:1,(anonymous_7)
FNDA:5,(anonymous_8)
DA:1,1
DA:2,8
DA:4,6
DA:6,6
DA:7,2
DA:10,4
DA:11,1
DA:17,3
DA:18,2
DA:24,1
DA:30,1
DA:31,6
DA:33,6
DA:35,10
DA:38,8
DA:40,8
DA:42,8
DA:43,6
DA:56,2
DA:58,8
DA:60,8
DA:61,2
DA:62,2
DA:66,6
DA:67,1
DA:71,1
DA:72,11
DA:73,11
DA:74,1
DA:80,10
DA:90,1
DA:91,3
DA:93,1
DA:94,5
DA:95,3
LF:35
LH:35
BRDA:2,0,0,2
BRDA:2,0,1,6
BRDA:6,1,0,2
BRDA:6,1,1,4
BRDA:10,2,0,1
BRDA:10,2,1,3
BRDA:17,3,0,2
BRDA:17,3,1,1
BRDA:35,4,0,2
BRDA:35,4,1,8
BRDA:42,5,0,6
BRDA:42,5,1,2
BRDA:60,6,0,2
BRDA:60,6,1,6
BRDA:73,7,0,1
BRDA:73,7,1,10
BRDA:73,8,0,11
BRDA:73,8,1,10
BRDA:94,9,0,2
BRDA:94,9,1,3
BRF:20
BRH:20
end_of_record
